[INFO] Scanning for projects...
[INFO]                                                                         
[INFO] ------------------------------------------------------------------------
[INFO] Building webservice 0.1.0-SNAPSHOT
[INFO] ------------------------------------------------------------------------
[INFO] 
[INFO] --- maven-dependency-plugin:2.8:tree (default-cli) @ webservice ---
[INFO] com.hortonworks.iotas:webservice:jar:0.1.0-SNAPSHOT
[INFO] +- com.hortonworks.iotas:common:jar:0.1.0-SNAPSHOT:compile
[INFO] |  +- com.google.guava:guava:jar:18.0:compile
[INFO] |  +- org.slf4j:slf4j-api:jar:1.7.12:compile
[INFO] |  +- org.slf4j:log4j-over-slf4j:jar:1.7.12:compile
[INFO] |  +- org.apache.commons:commons-lang3:jar:3.3:compile
[INFO] |  +- com.fasterxml.jackson.core:jackson-core:jar:2.7.3:compile
[INFO] |  +- com.fasterxml.jackson.core:jackson-databind:jar:2.7.3:compile
[INFO] |  +- com.fasterxml.jackson.core:jackson-annotations:jar:2.7.3:compile
[INFO] |  +- com.fasterxml.jackson.dataformat:jackson-dataformat-yaml:jar:2.7.3:compile
[INFO] |  |  \- org.yaml:snakeyaml:jar:1.15:compile
[INFO] |  +- com.github.fge:json-schema-validator:jar:2.2.6:compile
[INFO] |  |  +- com.google.code.findbugs:jsr305:jar:3.0.0:compile
[INFO] |  |  +- joda-time:joda-time:jar:2.3:compile
[INFO] |  |  +- com.googlecode.libphonenumber:libphonenumber:jar:6.2:compile
[INFO] |  |  +- com.github.fge:json-schema-core:jar:1.2.5:compile
[INFO] |  |  |  +- com.github.fge:uri-template:jar:0.9:compile
[INFO] |  |  |  |  \- com.github.fge:msg-simple:jar:1.1:compile
[INFO] |  |  |  |     \- com.github.fge:btf:jar:1.2:compile
[INFO] |  |  |  +- com.github.fge:jackson-coreutils:jar:1.8:compile
[INFO] |  |  |  \- org.mozilla:rhino:jar:1.7R4:compile
[INFO] |  |  \- javax.mail:mailapi:jar:1.4.3:compile
[INFO] |  |     \- javax.activation:activation:jar:1.1:compile
[INFO] |  \- org.apache.hadoop:hadoop-client:jar:2.7.1:compile
[INFO] |     +- org.apache.hadoop:hadoop-common:jar:2.7.1:compile
[INFO] |     |  +- commons-cli:commons-cli:jar:1.2:compile
[INFO] |     |  +- org.apache.commons:commons-math3:jar:3.1.1:compile
[INFO] |     |  +- xmlenc:xmlenc:jar:0.52:compile
[INFO] |     |  +- commons-httpclient:commons-httpclient:jar:3.1:compile
[INFO] |     |  +- commons-net:commons-net:jar:3.1:compile
[INFO] |     |  +- commons-collections:commons-collections:jar:3.2.1:compile
[INFO] |     |  +- javax.servlet.jsp:jsp-api:jar:2.1:runtime
[INFO] |     |  +- commons-configuration:commons-configuration:jar:1.6:compile
[INFO] |     |  |  +- commons-digester:commons-digester:jar:1.8:compile
[INFO] |     |  |  |  \- commons-beanutils:commons-beanutils:jar:1.7.0:compile
[INFO] |     |  |  \- commons-beanutils:commons-beanutils-core:jar:1.8.0:compile
[INFO] |     |  +- org.codehaus.jackson:jackson-core-asl:jar:1.9.13:compile
[INFO] |     |  +- org.apache.avro:avro:jar:1.7.4:compile
[INFO] |     |  |  \- com.thoughtworks.paranamer:paranamer:jar:2.3:compile
[INFO] |     |  +- com.google.code.gson:gson:jar:2.2.4:compile
[INFO] |     |  +- org.apache.curator:curator-client:jar:2.7.1:compile
[INFO] |     |  +- org.apache.curator:curator-recipes:jar:2.7.1:compile
[INFO] |     |  +- org.apache.zookeeper:zookeeper:jar:3.4.6:compile
[INFO] |     |  |  \- io.netty:netty:jar:3.7.0.Final:compile
[INFO] |     |  \- org.apache.commons:commons-compress:jar:1.4.1:compile
[INFO] |     |     \- org.tukaani:xz:jar:1.0:compile
[INFO] |     +- org.apache.hadoop:hadoop-hdfs:jar:2.7.1:compile
[INFO] |     |  +- org.mortbay.jetty:jetty-util:jar:6.1.26:compile
[INFO] |     |  +- xerces:xercesImpl:jar:2.9.1:compile
[INFO] |     |  |  \- xml-apis:xml-apis:jar:1.3.04:compile
[INFO] |     |  \- org.fusesource.leveldbjni:leveldbjni-all:jar:1.8:compile
[INFO] |     +- org.apache.hadoop:hadoop-mapreduce-client-app:jar:2.7.1:compile
[INFO] |     |  +- org.apache.hadoop:hadoop-mapreduce-client-common:jar:2.7.1:compile
[INFO] |     |  |  +- org.apache.hadoop:hadoop-yarn-client:jar:2.7.1:compile
[INFO] |     |  |  \- org.apache.hadoop:hadoop-yarn-server-common:jar:2.7.1:compile
[INFO] |     |  \- org.apache.hadoop:hadoop-mapreduce-client-shuffle:jar:2.7.1:compile
[INFO] |     +- org.apache.hadoop:hadoop-yarn-api:jar:2.7.1:compile
[INFO] |     +- org.apache.hadoop:hadoop-mapreduce-client-core:jar:2.7.1:compile
[INFO] |     |  \- org.apache.hadoop:hadoop-yarn-common:jar:2.7.1:compile
[INFO] |     |     +- javax.xml.bind:jaxb-api:jar:2.2.2:compile
[INFO] |     |     |  \- javax.xml.stream:stax-api:jar:1.0-2:compile
[INFO] |     |     +- org.codehaus.jackson:jackson-jaxrs:jar:1.9.13:compile
[INFO] |     |     \- org.codehaus.jackson:jackson-xc:jar:1.9.13:compile
[INFO] |     +- org.apache.hadoop:hadoop-mapreduce-client-jobclient:jar:2.7.1:compile
[INFO] |     \- org.apache.hadoop:hadoop-annotations:jar:2.7.1:compile
[INFO] +- com.hortonworks.iotas:parser-registry:jar:0.1.0-SNAPSHOT:compile
[INFO] +- com.hortonworks.iotas:streams-service:jar:0.1.0-SNAPSHOT:compile
[INFO] +- com.hortonworks.iotas:streams-runtime:jar:0.1.0-SNAPSHOT:compile
[INFO] |  +- com.hortonworks.iotas:streams-common:jar:0.1.0-SNAPSHOT:compile
[INFO] |  |  \- com.hortonworks.iotas:streams-sdk:jar:0.1.0-SNAPSHOT:compile
[INFO] |  +- com.hortonworks.iotas:streams-layout:jar:0.1.0-SNAPSHOT:compile
[INFO] |  |  \- org.apache.calcite:calcite-core:jar:1.4.0-incubating:compile
[INFO] |  |     +- org.apache.calcite:calcite-avatica:jar:1.4.0-incubating:compile
[INFO] |  |     +- org.apache.calcite:calcite-linq4j:jar:1.4.0-incubating:compile
[INFO] |  |     +- commons-dbcp:commons-dbcp:jar:1.4:compile
[INFO] |  |     |  \- commons-pool:commons-pool:jar:1.5.4:compile
[INFO] |  |     +- net.hydromatic:eigenbase-properties:jar:1.1.5:compile
[INFO] |  |     +- org.codehaus.janino:janino:jar:2.7.6:compile
[INFO] |  |     +- org.codehaus.janino:commons-compiler:jar:2.7.6:compile
[INFO] |  |     \- org.pentaho:pentaho-aggdesigner-algorithm:jar:5.1.5-jhyde:compile
[INFO] |  +- com.hortonworks.iotas:streams-catalog:jar:0.1.0-SNAPSHOT:compile
[INFO] |  |  +- com.hortonworks.iotas:storage-core:jar:0.1.0-SNAPSHOT:compile
[INFO] |  |  |  +- com.hortonworks.iotas:cache:jar:0.1.0-SNAPSHOT:compile
[INFO] |  |  |  |  \- biz.paluch.redis:lettuce:jar:3.4.2.Final:compile
[INFO] |  |  |  |     +- io.reactivex:rxjava:jar:1.0.14:compile
[INFO] |  |  |  |     +- io.netty:netty-common:jar:4.0.34.Final:compile
[INFO] |  |  |  |     +- io.netty:netty-transport:jar:4.0.34.Final:compile
[INFO] |  |  |  |     |  \- io.netty:netty-buffer:jar:4.0.34.Final:compile
[INFO] |  |  |  |     +- io.netty:netty-handler:jar:4.0.34.Final:compile
[INFO] |  |  |  |     |  \- io.netty:netty-codec:jar:4.0.34.Final:compile
[INFO] |  |  |  |     +- org.apache.commons:commons-pool2:jar:2.2:compile
[INFO] |  |  |  |     \- org.latencyutils:LatencyUtils:jar:2.0.2:compile
[INFO] |  |  |  |        \- org.hdrhistogram:HdrHistogram:jar:2.1.0:compile
[INFO] |  |  |  \- com.zaxxer:HikariCP-java6:jar:2.2.5:compile
[INFO] |  |  \- com.hortonworks.iotas:tag-registry:jar:0.1.0-SNAPSHOT:compile
[INFO] |  +- org.apache.storm:storm-sql-core:jar:1.0.1.2.5.0.0-1118:compile
[INFO] |  +- org.apache.storm:storm-sql-runtime:jar:1.0.1.2.5.0.0-1118:compile
[INFO] |  \- org.codehaus.groovy:groovy-all:jar:2.4.5:compile
[INFO] +- com.hortonworks.iotas:streams-notification:jar:0.1.0-SNAPSHOT:compile
[INFO] |  +- org.apache.hbase:hbase-client:jar:1.1.2.2.3.98.0-44:compile
[INFO] |  |  +- org.apache.hbase:hbase-annotations:jar:1.1.2.2.3.98.0-44:compile
[INFO] |  |  |  \- jdk.tools:jdk.tools:jar:1.7:system
[INFO] |  |  +- org.apache.hbase:hbase-common:jar:1.1.2.2.3.98.0-44:compile
[INFO] |  |  +- org.apache.hbase:hbase-protocol:jar:1.1.2.2.3.98.0-44:compile
[INFO] |  |  +- commons-codec:commons-codec:jar:1.9:compile
[INFO] |  |  +- commons-logging:commons-logging:jar:1.2:compile
[INFO] |  |  +- com.google.protobuf:protobuf-java:jar:2.5.0:compile
[INFO] |  |  +- io.netty:netty-all:jar:4.0.23.Final:compile
[INFO] |  |  +- org.apache.htrace:htrace-core:jar:3.1.0-incubating:compile
[INFO] |  |  +- org.codehaus.jackson:jackson-mapper-asl:jar:1.9.13:compile
[INFO] |  |  +- org.jruby.jcodings:jcodings:jar:1.0.8:compile
[INFO] |  |  +- org.jruby.joni:joni:jar:2.1.2:compile
[INFO] |  |  +- org.apache.hadoop:hadoop-auth:jar:2.7.1.2.3.98.0-44:compile
[INFO] |  |  |  +- org.apache.httpcomponents:httpclient:jar:4.2.5:compile
[INFO] |  |  |  |  \- org.apache.httpcomponents:httpcore:jar:4.2.4:compile
[INFO] |  |  |  +- org.apache.directory.server:apacheds-kerberos-codec:jar:2.0.0-M15:compile
[INFO] |  |  |  |  +- org.apache.directory.server:apacheds-i18n:jar:2.0.0-M15:compile
[INFO] |  |  |  |  +- org.apache.directory.api:api-asn1-api:jar:1.0.0-M20:compile
[INFO] |  |  |  |  \- org.apache.directory.api:api-util:jar:1.0.0-M20:compile
[INFO] |  |  |  \- org.apache.curator:curator-framework:jar:2.7.1:compile
[INFO] |  |  \- com.github.stephenc.findbugs:findbugs-annotations:jar:1.3.9-1:compile
[INFO] |  \- com.esotericsoftware.kryo:kryo:jar:2.21:compile
[INFO] |     +- com.esotericsoftware.reflectasm:reflectasm:jar:shaded:1.07:compile
[INFO] |     |  \- org.ow2.asm:asm:jar:4.0:compile
[INFO] |     \- com.esotericsoftware.minlog:minlog:jar:1.2:compile
[INFO] +- org.apache.kafka:kafka_2.10:jar:0.8.1.1:compile
[INFO] |  +- com.yammer.metrics:metrics-core:jar:2.2.0:compile
[INFO] |  +- org.xerial.snappy:snappy-java:jar:1.0.5:compile
[INFO] |  +- net.sf.jopt-simple:jopt-simple:jar:3.2:compile
[INFO] |  \- com.101tec:zkclient:jar:0.3:compile
[INFO] +- org.scala-lang:scala-library:jar:2.10.5:compile
[INFO] +- io.dropwizard:dropwizard-core:jar:0.9.0-rc4:compile
[INFO] |  +- io.dropwizard:dropwizard-util:jar:0.9.0-rc4:compile
[INFO] |  +- io.dropwizard:dropwizard-jackson:jar:0.9.0-rc4:compile
[INFO] |  |  +- com.fasterxml.jackson.datatype:jackson-datatype-jdk7:jar:2.6.1:compile
[INFO] |  |  +- com.fasterxml.jackson.datatype:jackson-datatype-guava:jar:2.6.1:compile
[INFO] |  |  +- com.fasterxml.jackson.module:jackson-module-afterburner:jar:2.6.1:compile
[INFO] |  |  +- com.fasterxml.jackson.datatype:jackson-datatype-joda:jar:2.6.1:compile
[INFO] |  |  \- ch.qos.logback:logback-classic:jar:1.1.3:runtime
[INFO] |  +- io.dropwizard:dropwizard-validation:jar:0.9.0-rc4:compile
[INFO] |  |  +- org.hibernate:hibernate-validator:jar:5.1.3.Final:compile
[INFO] |  |  |  +- javax.validation:validation-api:jar:1.1.0.Final:compile
[INFO] |  |  |  +- org.jboss.logging:jboss-logging:jar:3.1.3.GA:compile
[INFO] |  |  |  \- com.fasterxml:classmate:jar:1.0.0:compile
[INFO] |  |  \- org.glassfish:javax.el:jar:3.0.0:compile
[INFO] |  +- io.dropwizard:dropwizard-configuration:jar:0.9.0-rc4:compile
[INFO] |  +- io.dropwizard:dropwizard-logging:jar:0.9.0-rc4:compile
[INFO] |  |  +- io.dropwizard.metrics:metrics-logback:jar:3.1.2:compile
[INFO] |  |  +- org.slf4j:jul-to-slf4j:jar:1.7.12:compile
[INFO] |  |  +- ch.qos.logback:logback-core:jar:1.1.3:compile
[INFO] |  |  \- org.eclipse.jetty:jetty-util:jar:9.2.13.v20150730:compile
[INFO] |  +- io.dropwizard:dropwizard-metrics:jar:0.9.0-rc4:compile
[INFO] |  +- io.dropwizard:dropwizard-jersey:jar:0.9.0-rc4:compile
[INFO] |  |  +- org.glassfish.jersey.core:jersey-server:jar:2.21:compile
[INFO] |  |  |  \- org.glassfish.jersey.media:jersey-media-jaxb:jar:2.21:compile
[INFO] |  |  +- org.glassfish.jersey.ext:jersey-metainf-services:jar:2.21:compile
[INFO] |  |  +- org.glassfish.jersey.ext:jersey-bean-validation:jar:2.21:compile
[INFO] |  |  +- io.dropwizard.metrics:metrics-jersey2:jar:3.1.2:compile
[INFO] |  |  +- com.fasterxml.jackson.jaxrs:jackson-jaxrs-json-provider:jar:2.6.1:compile
[INFO] |  |  |  \- com.fasterxml.jackson.module:jackson-module-jaxb-annotations:jar:2.6.1:compile
[INFO] |  |  +- org.glassfish.jersey.containers:jersey-container-servlet:jar:2.21:compile
[INFO] |  |  |  \- org.glassfish.jersey.containers:jersey-container-servlet-core:jar:2.21:compile
[INFO] |  |  +- org.eclipse.jetty:jetty-server:jar:9.2.13.v20150730:compile
[INFO] |  |  |  +- javax.servlet:javax.servlet-api:jar:3.1.0:compile
[INFO] |  |  |  \- org.eclipse.jetty:jetty-io:jar:9.2.13.v20150730:compile
[INFO] |  |  +- org.eclipse.jetty:jetty-webapp:jar:9.2.13.v20150730:compile
[INFO] |  |  |  \- org.eclipse.jetty:jetty-xml:jar:9.2.13.v20150730:compile
[INFO] |  |  \- org.eclipse.jetty:jetty-continuation:jar:9.2.13.v20150730:compile
[INFO] |  +- io.dropwizard:dropwizard-servlets:jar:0.9.0-rc4:compile
[INFO] |  |  \- io.dropwizard.metrics:metrics-annotation:jar:3.1.2:compile
[INFO] |  +- io.dropwizard:dropwizard-jetty:jar:0.9.0-rc4:compile
[INFO] |  |  +- io.dropwizard.metrics:metrics-jetty9:jar:3.1.2:compile
[INFO] |  |  +- org.eclipse.jetty:jetty-servlet:jar:9.2.13.v20150730:compile
[INFO] |  |  |  \- org.eclipse.jetty:jetty-security:jar:9.2.13.v20150730:compile
[INFO] |  |  +- org.eclipse.jetty:jetty-servlets:jar:9.2.13.v20150730:compile
[INFO] |  |  \- org.eclipse.jetty:jetty-http:jar:9.2.13.v20150730:compile
[INFO] |  +- io.dropwizard:dropwizard-lifecycle:jar:0.9.0-rc4:compile
[INFO] |  +- io.dropwizard.metrics:metrics-core:jar:3.1.2:compile
[INFO] |  +- io.dropwizard.metrics:metrics-jvm:jar:3.1.2:compile
[INFO] |  +- io.dropwizard.metrics:metrics-servlets:jar:3.1.2:compile
[INFO] |  |  \- io.dropwizard.metrics:metrics-json:jar:3.1.2:compile
[INFO] |  +- io.dropwizard.metrics:metrics-healthchecks:jar:3.1.2:compile
[INFO] |  +- net.sourceforge.argparse4j:argparse4j:jar:0.6.0:compile
[INFO] |  \- org.eclipse.jetty.toolchain.setuid:jetty-setuid-java:jar:1.0.3:compile
[INFO] +- io.dropwizard:dropwizard-assets:jar:0.9.0-rc4:compile
[INFO] +- org.glassfish.jersey.media:jersey-media-multipart:jar:2.22.1:compile
[INFO] |  +- org.glassfish.jersey.core:jersey-common:jar:2.22.1:compile
[INFO] |  |  +- javax.ws.rs:javax.ws.rs-api:jar:2.0.1:compile
[INFO] |  |  +- javax.annotation:javax.annotation-api:jar:1.2:compile
[INFO] |  |  +- org.glassfish.jersey.bundles.repackaged:jersey-guava:jar:2.22.1:compile
[INFO] |  |  +- org.glassfish.hk2:hk2-api:jar:2.4.0-b31:compile
[INFO] |  |  |  +- org.glassfish.hk2:hk2-utils:jar:2.4.0-b31:compile
[INFO] |  |  |  \- org.glassfish.hk2.external:aopalliance-repackaged:jar:2.4.0-b31:compile
[INFO] |  |  +- org.glassfish.hk2.external:javax.inject:jar:2.4.0-b31:compile
[INFO] |  |  +- org.glassfish.hk2:hk2-locator:jar:2.4.0-b31:compile
[INFO] |  |  |  \- org.javassist:javassist:jar:3.18.1-GA:compile
[INFO] |  |  \- org.glassfish.hk2:osgi-resource-locator:jar:1.0.1:compile
[INFO] |  \- org.jvnet.mimepull:mimepull:jar:1.9.6:compile
[INFO] +- org.jmockit:jmockit:jar:1.19:test
[INFO] +- com.hortonworks.iotas:streams-layout-storm:jar:0.1.0-SNAPSHOT:compile
[INFO] |  \- commons-io:commons-io:jar:2.5:compile
[INFO] +- com.hortonworks.iotas:streams-metrics-storm:jar:0.1.0-SNAPSHOT:compile
[INFO] |  +- com.hortonworks.iotas:streams-metrics:jar:0.1.0-SNAPSHOT:compile
[INFO] |  +- commons-lang:commons-lang:jar:2.5:compile
[INFO] |  +- org.glassfish.jersey.core:jersey-client:jar:2.22.1:compile
[INFO] |  \- org.glassfish.jersey.media:jersey-media-json-jackson:jar:2.22.1:compile
[INFO] |     +- org.glassfish.jersey.ext:jersey-entity-filtering:jar:2.22.1:compile
[INFO] |     \- com.fasterxml.jackson.jaxrs:jackson-jaxrs-base:jar:2.5.4:compile
[INFO] +- com.hortonworks.iotas:streams-schema-evolver:jar:0.1.0-SNAPSHOT:compile
[INFO] +- io.dropwizard:dropwizard-testing:jar:0.9.0-rc4:test
[INFO] |  +- org.mockito:mockito-core:jar:1.10.19:test
[INFO] |  +- org.objenesis:objenesis:jar:2.1:compile
[INFO] |  +- org.assertj:assertj-core:jar:2.1.0:test
[INFO] |  \- org.glassfish.jersey.test-framework.providers:jersey-test-framework-provider-inmemory:jar:2.21:test
[INFO] |     +- org.glassfish.jersey.test-framework:jersey-test-framework-core:jar:2.21:test
[INFO] |     \- org.ow2.asm:asm-debug-all:jar:5.0.4:test
[INFO] \- junit:junit:jar:4.11:test
[INFO]    \- org.hamcrest:hamcrest-core:jar:1.3:test
[INFO] ------------------------------------------------------------------------
[INFO] BUILD SUCCESS
[INFO] ------------------------------------------------------------------------
[INFO] Total time: 1.382 s
[INFO] Finished at: 2016-08-15T12:25:59-07:00
[INFO] Final Memory: 25M/437M
[INFO] ------------------------------------------------------------------------
